HplMsp432UsciIntA1P.nc
HplMsp432UsciIntA2P.nc
HplMsp432UsciIntA3P.nc
HplMsp432UsciIntB0P.nc
HplMsp432UsciIntB1P.nc
HplMsp432UsciIntB2P.nc
HplMsp432UsciIntB3P.nc
Msp432UsciA0P.nc
Msp432UsciA1P.nc
Msp432UsciA2P.nc
Msp432UsciA3P.nc
Msp432UsciB0P.nc
Msp432UsciB1P.nc
Msp432UsciB2P.nc
Msp432UsciB3P.nc
Msp432UsciUartA1C.nc
Msp432UsciUartA2C.nc
Msp432UsciUartA3C.nc
Msp432UsciUartA1P.nc
Msp432UsciUartA2P.nc
Msp432UsciUartA3P.nc
Msp432UsciSpiB1C.nc
Msp432UsciSpiB2C.nc
Msp432UsciSpiB3C.nc
Msp432UsciSpiA0C.nc
Msp432UsciSpiA1C.nc
Msp432UsciSpiA2C.nc
Msp432UsciSpiA3C.nc
Msp432UsciSpiB1P.nc
Msp432UsciSpiB2P.nc
Msp432UsciSpiB3P.nc
Msp432UsciSpiA0P.nc
Msp432UsciSpiA1P.nc
Msp432UsciSpiA2P.nc
Msp432UsciSpiA3P.nc
Msp432UsciI2CB1C.nc
Msp432UsciI2CB2C.nc
Msp432UsciI2CB3C.nc
Msp432UsciI2CB1P.nc
Msp432UsciI2CB2P.nc
Msp432UsciI2CB3P.nc
