This file contains any messages produced by compilers while
running configure, to aid debugging if configure makes a mistake.

configure:609: checking host system type
configure:630: checking target system type
configure:648: checking build system type
configure:683: checking for a BSD compatible install
configure:736: checking whether build environment is sane
configure:793: checking whether make sets ${MAKE}
configure:832: checking for working aclocal
configure:845: checking for working autoconf
configure:858: checking for working automake
configure:871: checking for working autoheader
configure:884: checking for working makeinfo
configure:919: checking for gcc
configure:1032: checking whether the C compiler (gcc  ) works
configure:1048: gcc -o conftest    conftest.c  1>&5
configure:1074: checking whether the C compiler (gcc  ) is a cross-compiler
configure:1079: checking whether we are using GNU C
configure:1088: gcc -E conftest.c
configure:1107: checking whether gcc accepts -g
configure:1151: checking for a BSD compatible install
configure:1206: checking for rm
configure:1245: checking for sed
configure:1284: checking for ln
configure:1321: checking for bison
configure:1352: checking how to run the C preprocessor
configure:1373: gcc -E  conftest.c >/dev/null 2>conftest.out
configure:1437: checking for flex
configure:1470: checking for flex
configure:1504: checking for yywrap in -lfl
configure:1523: gcc -o conftest -g -O2   conftest.c -lfl   1>&5
configure:1546: checking lex output file root
configure:1567: checking whether yytext is a pointer
configure:1586: gcc -o conftest -g -O2   conftest.c  -lfl 1>&5
configure:1610: checking for tar
configure:1645: checking for gzip
configure:1679: checking where to put logfile
configure:1691: checking where to put pidfile
configure:1703: checking where to find configfile
configure:1715: checking which syslog facility to use
configure:1728: checking for inet_ntop in -lc
configure:1747: gcc -o conftest -g -O2   conftest.c -lc   1>&5
configure:1822: checking for ANSI C header files
configure:1835: gcc -E  conftest.c >/dev/null 2>conftest.out
configure:1902: gcc -o conftest -g -O2   conftest.c -lc  1>&5
configure: In function 'main':
configure:1897: warning: incompatible implicit declaration of built-in function 'exit'
configure:1929: checking for sys/time.h
configure:1939: gcc -E  conftest.c >/dev/null 2>conftest.out
configure:1966: checking whether time.h and sys/time.h may both be included
configure:1980: gcc -c -g -O2  conftest.c 1>&5
configure:2003: checking for netinet/ip6.h
configure:2013: gcc -E  conftest.c >/dev/null 2>conftest.out
configure:2082: checking for sys/sockio.h
configure:2092: gcc -E  conftest.c >/dev/null 2>conftest.out
configure:2088:24: error: sys/sockio.h: No such file or directory
configure: failed program was:
#line 2087 "configure"
#include "confdefs.h"
#include <sys/sockio.h>
configure:2082: checking for getopt.h
configure:2092: gcc -E  conftest.c >/dev/null 2>conftest.out
configure:2082: checking for inttypes.h
configure:2092: gcc -E  conftest.c >/dev/null 2>conftest.out
configure:2122: checking for net/if_dl.h
configure:2132: gcc -E  conftest.c >/dev/null 2>conftest.out
configure:2128:23: error: net/if_dl.h: No such file or directory
configure: failed program was:
#line 2127 "configure"
#include "confdefs.h"
#include <net/if_dl.h>
configure:2122: checking for net/if_types.h
configure:2132: gcc -E  conftest.c >/dev/null 2>conftest.out
configure:2128:26: error: net/if_types.h: No such file or directory
configure: failed program was:
#line 2127 "configure"
#include "confdefs.h"
#include <net/if_types.h>
configure:2122: checking for net/if_arp.h
configure:2132: gcc -E  conftest.c >/dev/null 2>conftest.out
configure:2162: checking for sys/param.h
configure:2172: gcc -E  conftest.c >/dev/null 2>conftest.out
configure:2202: checking for machine/param.h
configure:2212: gcc -E  conftest.c >/dev/null 2>conftest.out
configure:2208:27: error: machine/param.h: No such file or directory
configure: failed program was:
#line 2207 "configure"
#include "confdefs.h"
#include <machine/param.h>
configure:2242: checking for machine/limits.h
configure:2252: gcc -E  conftest.c >/dev/null 2>conftest.out
configure:2248:28: error: machine/limits.h: No such file or directory
configure: failed program was:
#line 2247 "configure"
#include "confdefs.h"
#include <machine/limits.h>
configure:2280: checking for working const
configure:2334: gcc -c -g -O2  conftest.c 1>&5
configure:2356: checking whether struct sockaddr_in6 has sin6_scope_id
configure:2367: gcc -c -g -O2  conftest.c 1>&5
configure:2382: checking whether struct in6_addr has u6_addrXX and defines s6_addrXX
configure:2392: gcc -c -g -O2  conftest.c 1>&5
configure: In function 'main':
configure:2388: warning: initialization makes integer from pointer without a cast
configure:2409: checking for getopt_long
configure:2437: gcc -o conftest -g -O2   conftest.c -lc  1>&5
